[2017-08-17 19:33:00] broker.INFO: Matched route "{route}". {"route":"_admin_report_generate","route_parameters":{"_controller":"[object] (Closure: {})","_route":"_admin_report_generate"},"request_uri":"http://localhost:11004/admin/report/generate","method":"GET"} []
[2017-08-18 10:01:10] broker.INFO: Matched route "{route}". {"route":"_admin_report_details_id","route_parameters":{"_controller":"[object] (Closure: {})","id":"574daa379545e9af101c2731","_route":"_admin_report_details_id"},"request_uri":"http://localhost:11004/admin/report/details/574daa379545e9af101c2731","method":"GET"} []
[2017-08-18 10:01:12] broker.ERROR: Symfony\Component\HttpKernel\Exception\NotFoundHttpException: No route found for "GET /css/bootstrap-switch.min.css" (from "http://localhost:11004/admin/report/details/574daa379545e9af101c2731") (uncaught exception) at /srv/app/vendor/symfony/http-kernel/EventListener/RouterListener.php line 125 {"exception":"[object] (Symfony\\Component\\HttpKernel\\Exception\\NotFoundHttpException(code: 0): No route found for \"GET /css/bootstrap-switch.min.css\" (from \"http://localhost:11004/admin/report/details/574daa379545e9af101c2731\") at /srv/app/vendor/symfony/http-kernel/EventListener/RouterListener.php:125, Symfony\\Component\\Routing\\Exception\\ResourceNotFoundException(code: 0): No routes found for \"/css/bootstrap-switch.min.css\". at /srv/app/vendor/symfony/routing/Matcher/UrlMatcher.php:98)"} []
[2017-08-18 10:01:12] broker.ERROR: No route found for "GET /css/bootstrap-switch.min.css" (from "http://localhost:11004/admin/report/details/574daa379545e9af101c2731") [] []
[2017-08-18 10:01:25] broker.INFO: Matched route "{route}". {"route":"_admin_report_generate","route_parameters":{"_controller":"[object] (Closure: {})","_route":"_admin_report_generate"},"request_uri":"http://localhost:11004/admin/report/generate","method":"GET"} []
[2017-08-18 10:01:26] broker.ERROR: Symfony\Component\HttpKernel\Exception\NotFoundHttpException: No route found for "GET /css/bootstrap-switch.min.css" (from "http://localhost:11004/admin/report/generate") (uncaught exception) at /srv/app/vendor/symfony/http-kernel/EventListener/RouterListener.php line 125 {"exception":"[object] (Symfony\\Component\\HttpKernel\\Exception\\NotFoundHttpException(code: 0): No route found for \"GET /css/bootstrap-switch.min.css\" (from \"http://localhost:11004/admin/report/generate\") at /srv/app/vendor/symfony/http-kernel/EventListener/RouterListener.php:125, Symfony\\Component\\Routing\\Exception\\ResourceNotFoundException(code: 0): No routes found for \"/css/bootstrap-switch.min.css\". at /srv/app/vendor/symfony/routing/Matcher/UrlMatcher.php:98)"} []
[2017-08-18 10:01:26] broker.ERROR: No route found for "GET /css/bootstrap-switch.min.css" (from "http://localhost:11004/admin/report/generate") [] []
[2017-08-18 11:07:10] broker.INFO: Matched route "{route}". {"route":"_admin_report_generate","route_parameters":{"_controller":"[object] (Closure: {})","_route":"_admin_report_generate"},"request_uri":"http://localhost:11004/admin/report/generate","method":"GET"} []
[2017-08-18 11:07:10] broker.CRITICAL: LogicException: The controller must return a response (null given). Did you forget to add a return statement somewhere in your controller? (uncaught exception) at /srv/app/vendor/symfony/http-kernel/HttpKernel.php line 171 {"exception":"[object] (LogicException(code: 0): The controller must return a response (null given). Did you forget to add a return statement somewhere in your controller? at /srv/app/vendor/symfony/http-kernel/HttpKernel.php:171)"} []
[2017-08-18 11:07:10] broker.ERROR: The controller must return a response (null given). Did you forget to add a return statement somewhere in your controller? [] []
[2017-08-18 11:09:01] broker.INFO: Matched route "{route}". {"route":"_admin_report_generate","route_parameters":{"_controller":"[object] (Closure: {})","_route":"_admin_report_generate"},"request_uri":"http://localhost:11004/admin/report/generate","method":"GET"} []
[2017-08-18 11:09:01] broker.CRITICAL: LogicException: The controller must return a response (null given). Did you forget to add a return statement somewhere in your controller? (uncaught exception) at /srv/app/vendor/symfony/http-kernel/HttpKernel.php line 171 {"exception":"[object] (LogicException(code: 0): The controller must return a response (null given). Did you forget to add a return statement somewhere in your controller? at /srv/app/vendor/symfony/http-kernel/HttpKernel.php:171)"} []
[2017-08-18 11:09:01] broker.ERROR: The controller must return a response (null given). Did you forget to add a return statement somewhere in your controller? [] []
[2017-08-18 11:09:04] broker.INFO: Matched route "{route}". {"route":"_admin_report_generate","route_parameters":{"_controller":"[object] (Closure: {})","_route":"_admin_report_generate"},"request_uri":"http://localhost:11004/admin/report/generate","method":"GET"} []
[2017-08-18 11:09:04] broker.CRITICAL: LogicException: The controller must return a response (null given). Did you forget to add a return statement somewhere in your controller? (uncaught exception) at /srv/app/vendor/symfony/http-kernel/HttpKernel.php line 171 {"exception":"[object] (LogicException(code: 0): The controller must return a response (null given). Did you forget to add a return statement somewhere in your controller? at /srv/app/vendor/symfony/http-kernel/HttpKernel.php:171)"} []
[2017-08-18 11:09:04] broker.ERROR: The controller must return a response (null given). Did you forget to add a return statement somewhere in your controller? [] []
[2017-08-18 11:09:04] broker.INFO: Matched route "{route}". {"route":"_admin_report_generate","route_parameters":{"_controller":"[object] (Closure: {})","_route":"_admin_report_generate"},"request_uri":"http://localhost:11004/admin/report/generate","method":"GET"} []
[2017-08-18 11:09:04] broker.CRITICAL: LogicException: The controller must return a response (null given). Did you forget to add a return statement somewhere in your controller? (uncaught exception) at /srv/app/vendor/symfony/http-kernel/HttpKernel.php line 171 {"exception":"[object] (LogicException(code: 0): The controller must return a response (null given). Did you forget to add a return statement somewhere in your controller? at /srv/app/vendor/symfony/http-kernel/HttpKernel.php:171)"} []
[2017-08-18 11:09:04] broker.ERROR: The controller must return a response (null given). Did you forget to add a return statement somewhere in your controller? [] []
[2017-08-18 11:09:05] broker.INFO: Matched route "{route}". {"route":"_admin_report_generate","route_parameters":{"_controller":"[object] (Closure: {})","_route":"_admin_report_generate"},"request_uri":"http://localhost:11004/admin/report/generate","method":"GET"} []
[2017-08-18 11:09:05] broker.CRITICAL: LogicException: The controller must return a response (null given). Did you forget to add a return statement somewhere in your controller? (uncaught exception) at /srv/app/vendor/symfony/http-kernel/HttpKernel.php line 171 {"exception":"[object] (LogicException(code: 0): The controller must return a response (null given). Did you forget to add a return statement somewhere in your controller? at /srv/app/vendor/symfony/http-kernel/HttpKernel.php:171)"} []
[2017-08-18 11:09:05] broker.ERROR: The controller must return a response (null given). Did you forget to add a return statement somewhere in your controller? [] []
[2017-08-18 11:09:05] broker.INFO: Matched route "{route}". {"route":"_admin_report_generate","route_parameters":{"_controller":"[object] (Closure: {})","_route":"_admin_report_generate"},"request_uri":"http://localhost:11004/admin/report/generate","method":"GET"} []
[2017-08-18 11:09:05] broker.CRITICAL: LogicException: The controller must return a response (null given). Did you forget to add a return statement somewhere in your controller? (uncaught exception) at /srv/app/vendor/symfony/http-kernel/HttpKernel.php line 171 {"exception":"[object] (LogicException(code: 0): The controller must return a response (null given). Did you forget to add a return statement somewhere in your controller? at /srv/app/vendor/symfony/http-kernel/HttpKernel.php:171)"} []
[2017-08-18 11:09:05] broker.ERROR: The controller must return a response (null given). Did you forget to add a return statement somewhere in your controller? [] []
[2017-08-18 11:09:20] broker.INFO: Matched route "{route}". {"route":"_admin_report_generate","route_parameters":{"_controller":"[object] (Closure: {})","_route":"_admin_report_generate"},"request_uri":"http://localhost:11004/admin/report/generate","method":"GET"} []
[2017-08-18 11:09:33] broker.INFO: Matched route "{route}". {"route":"_admin_report_generate","route_parameters":{"_controller":"[object] (Closure: {})","_route":"_admin_report_generate"},"request_uri":"http://localhost:11004/admin/report/generate","method":"GET"} []
[2017-08-18 11:15:29] broker.INFO: Matched route "{route}". {"route":"_admin_report_generate","route_parameters":{"_controller":"[object] (Closure: {})","_route":"_admin_report_generate"},"request_uri":"http://localhost:11004/admin/report/generate","method":"GET"} []
[2017-08-18 11:22:27] broker.INFO: Matched route "{route}". {"route":"_admin_report_generate","route_parameters":{"_controller":"[object] (Closure: {})","_route":"_admin_report_generate"},"request_uri":"http://localhost:11004/admin/report/generate","method":"GET"} []
[2017-08-18 11:24:44] broker.INFO: Matched route "{route}". {"route":"_admin_report_generate","route_parameters":{"_controller":"[object] (Closure: {})","_route":"_admin_report_generate"},"request_uri":"http://localhost:11004/admin/report/generate","method":"GET"} []
[2017-08-18 11:24:46] broker.INFO: Matched route "{route}". {"route":"_admin_report_generate","route_parameters":{"_controller":"[object] (Closure: {})","_route":"_admin_report_generate"},"request_uri":"http://localhost:11004/admin/report/generate","method":"GET"} []
[2017-08-18 11:24:55] broker.INFO: Matched route "{route}". {"route":"_admin_report_generate","route_parameters":{"_controller":"[object] (Closure: {})","_route":"_admin_report_generate"},"request_uri":"http://localhost:11004/admin/report/generate","method":"GET"} []
[2017-08-18 11:26:04] broker.INFO: Matched route "{route}". {"route":"_admin_report_generate","route_parameters":{"_controller":"[object] (Closure: {})","_route":"_admin_report_generate"},"request_uri":"http://localhost:11004/admin/report/generate","method":"GET"} []
[2017-08-18 11:28:13] broker.INFO: Matched route "{route}". {"route":"_admin_report_generate","route_parameters":{"_controller":"[object] (Closure: {})","_route":"_admin_report_generate"},"request_uri":"http://localhost:11004/admin/report/generate","method":"GET"} []
[2017-08-18 11:30:39] broker.INFO: Matched route "{route}". {"route":"_admin_report_generate","route_parameters":{"_controller":"[object] (Closure: {})","_route":"_admin_report_generate"},"request_uri":"http://localhost:11004/admin/report/generate","method":"GET"} []
[2017-08-18 11:38:07] broker.INFO: Matched route "{route}". {"route":"_admin_report_generate","route_parameters":{"_controller":"[object] (Closure: {})","_route":"_admin_report_generate"},"request_uri":"http://localhost:11004/admin/report/generate","method":"GET"} []
[2017-08-18 11:38:09] broker.INFO: Matched route "{route}". {"route":"_admin_report_generate","route_parameters":{"_controller":"[object] (Closure: {})","_route":"_admin_report_generate"},"request_uri":"http://localhost:11004/admin/report/generate","method":"GET"} []
[2017-08-18 11:38:10] broker.INFO: Matched route "{route}". {"route":"_admin_report_generate","route_parameters":{"_controller":"[object] (Closure: {})","_route":"_admin_report_generate"},"request_uri":"http://localhost:11004/admin/report/generate","method":"GET"} []
[2017-08-18 11:38:10] broker.INFO: Matched route "{route}". {"route":"_admin_report_generate","route_parameters":{"_controller":"[object] (Closure: {})","_route":"_admin_report_generate"},"request_uri":"http://localhost:11004/admin/report/generate","method":"GET"} []
[2017-08-18 11:38:11] broker.INFO: Matched route "{route}". {"route":"_admin_report_generate","route_parameters":{"_controller":"[object] (Closure: {})","_route":"_admin_report_generate"},"request_uri":"http://localhost:11004/admin/report/generate","method":"GET"} []
[2017-08-18 11:38:11] broker.INFO: Matched route "{route}". {"route":"_admin_report_generate","route_parameters":{"_controller":"[object] (Closure: {})","_route":"_admin_report_generate"},"request_uri":"http://localhost:11004/admin/report/generate","method":"GET"} []
[2017-08-18 11:38:12] broker.INFO: Matched route "{route}". {"route":"_admin_report_generate","route_parameters":{"_controller":"[object] (Closure: {})","_route":"_admin_report_generate"},"request_uri":"http://localhost:11004/admin/report/generate","method":"GET"} []
[2017-08-18 11:38:12] broker.INFO: Matched route "{route}". {"route":"_admin_report_generate","route_parameters":{"_controller":"[object] (Closure: {})","_route":"_admin_report_generate"},"request_uri":"http://localhost:11004/admin/report/generate","method":"GET"} []
[2017-08-18 11:38:12] broker.INFO: Matched route "{route}". {"route":"_admin_report_generate","route_parameters":{"_controller":"[object] (Closure: {})","_route":"_admin_report_generate"},"request_uri":"http://localhost:11004/admin/report/generate","method":"GET"} []
[2017-08-18 11:38:12] broker.INFO: Matched route "{route}". {"route":"_admin_report_generate","route_parameters":{"_controller":"[object] (Closure: {})","_route":"_admin_report_generate"},"request_uri":"http://localhost:11004/admin/report/generate","method":"GET"} []
[2017-08-18 11:38:13] broker.INFO: Matched route "{route}". {"route":"_admin_report_generate","route_parameters":{"_controller":"[object] (Closure: {})","_route":"_admin_report_generate"},"request_uri":"http://localhost:11004/admin/report/generate","method":"GET"} []
[2017-08-18 11:39:26] broker.INFO: Matched route "{route}". {"route":"_admin_report_generate","route_parameters":{"_controller":"[object] (Closure: {})","_route":"_admin_report_generate"},"request_uri":"http://localhost:11004/admin/report/generate","method":"GET"} []
[2017-08-18 11:40:03] broker.INFO: Matched route "{route}". {"route":"_admin_report_generate","route_parameters":{"_controller":"[object] (Closure: {})","_route":"_admin_report_generate"},"request_uri":"http://localhost:11004/admin/report/generate","method":"GET"} []
[2017-08-18 11:43:17] broker.INFO: Matched route "{route}". {"route":"_admin_report_generate","route_parameters":{"_controller":"[object] (Closure: {})","_route":"_admin_report_generate"},"request_uri":"http://localhost:11004/admin/report/generate","method":"GET"} []
[2017-08-18 11:43:17] broker.NOTICE: E_NOTICE: Undefined offset: 27 {"code":8,"message":"Undefined offset: 27","file":"/srv/app/src/Controller/ReportUiController.php","line":144} []
[2017-08-18 11:43:19] broker.INFO: Matched route "{route}". {"route":"_admin_report_generate","route_parameters":{"_controller":"[object] (Closure: {})","_route":"_admin_report_generate"},"request_uri":"http://localhost:11004/admin/report/generate","method":"GET"} []
[2017-08-18 11:43:19] broker.NOTICE: E_NOTICE: Undefined offset: 27 {"code":8,"message":"Undefined offset: 27","file":"/srv/app/src/Controller/ReportUiController.php","line":144} []
[2017-08-18 11:43:20] broker.INFO: Matched route "{route}". {"route":"_admin_report_generate","route_parameters":{"_controller":"[object] (Closure: {})","_route":"_admin_report_generate"},"request_uri":"http://localhost:11004/admin/report/generate","method":"GET"} []
[2017-08-18 11:43:20] broker.NOTICE: E_NOTICE: Undefined offset: 27 {"code":8,"message":"Undefined offset: 27","file":"/srv/app/src/Controller/ReportUiController.php","line":144} []
[2017-08-18 11:43:20] broker.INFO: Matched route "{route}". {"route":"_admin_report_generate","route_parameters":{"_controller":"[object] (Closure: {})","_route":"_admin_report_generate"},"request_uri":"http://localhost:11004/admin/report/generate","method":"GET"} []
[2017-08-18 11:43:20] broker.NOTICE: E_NOTICE: Undefined offset: 27 {"code":8,"message":"Undefined offset: 27","file":"/srv/app/src/Controller/ReportUiController.php","line":144} []
[2017-08-18 11:43:20] broker.INFO: Matched route "{route}". {"route":"_admin_report_generate","route_parameters":{"_controller":"[object] (Closure: {})","_route":"_admin_report_generate"},"request_uri":"http://localhost:11004/admin/report/generate","method":"GET"} []
[2017-08-18 11:43:20] broker.NOTICE: E_NOTICE: Undefined offset: 27 {"code":8,"message":"Undefined offset: 27","file":"/srv/app/src/Controller/ReportUiController.php","line":144} []
[2017-08-18 11:43:20] broker.INFO: Matched route "{route}". {"route":"_admin_report_generate","route_parameters":{"_controller":"[object] (Closure: {})","_route":"_admin_report_generate"},"request_uri":"http://localhost:11004/admin/report/generate","method":"GET"} []
[2017-08-18 11:43:20] broker.NOTICE: E_NOTICE: Undefined offset: 27 {"code":8,"message":"Undefined offset: 27","file":"/srv/app/src/Controller/ReportUiController.php","line":144} []
[2017-08-18 11:43:28] broker.INFO: Matched route "{route}". {"route":"_admin_report_generate","route_parameters":{"_controller":"[object] (Closure: {})","_route":"_admin_report_generate"},"request_uri":"http://localhost:11004/admin/report/generate","method":"GET"} []
[2017-08-18 11:43:28] broker.NOTICE: E_NOTICE: Undefined offset: 27 {"code":8,"message":"Undefined offset: 27","file":"/srv/app/src/Controller/ReportUiController.php","line":146} []
[2017-08-18 11:43:29] broker.INFO: Matched route "{route}". {"route":"_admin_report_generate","route_parameters":{"_controller":"[object] (Closure: {})","_route":"_admin_report_generate"},"request_uri":"http://localhost:11004/admin/report/generate","method":"GET"} []
[2017-08-18 11:43:29] broker.NOTICE: E_NOTICE: Undefined offset: 27 {"code":8,"message":"Undefined offset: 27","file":"/srv/app/src/Controller/ReportUiController.php","line":146} []
[2017-08-18 11:43:30] broker.INFO: Matched route "{route}". {"route":"_admin_report_generate","route_parameters":{"_controller":"[object] (Closure: {})","_route":"_admin_report_generate"},"request_uri":"http://localhost:11004/admin/report/generate","method":"GET"} []
[2017-08-18 11:43:30] broker.NOTICE: E_NOTICE: Undefined offset: 27 {"code":8,"message":"Undefined offset: 27","file":"/srv/app/src/Controller/ReportUiController.php","line":146} []
[2017-08-18 11:52:49] broker.INFO: Matched route "{route}". {"route":"_admin_report_generate","route_parameters":{"_controller":"[object] (Closure: {})","_route":"_admin_report_generate"},"request_uri":"http://localhost:11004/admin/report/generate","method":"GET"} []
[2017-08-18 11:52:49] broker.NOTICE: E_NOTICE: Undefined offset: 27 {"code":8,"message":"Undefined offset: 27","file":"/srv/app/src/Controller/ReportUiController.php","line":146} []
[2017-08-18 11:53:31] broker.INFO: Matched route "{route}". {"route":"_admin_report_generate","route_parameters":{"_controller":"[object] (Closure: {})","_route":"_admin_report_generate"},"request_uri":"http://localhost:11004/admin/report/generate","method":"GET"} []
[2017-08-18 11:55:22] broker.INFO: Matched route "{route}". {"route":"_admin_report_generate","route_parameters":{"_controller":"[object] (Closure: {})","_route":"_admin_report_generate"},"request_uri":"http://localhost:11004/admin/report/generate","method":"GET"} []
[2017-08-18 11:55:31] broker.INFO: Matched route "{route}". {"route":"_admin_report_generate","route_parameters":{"_controller":"[object] (Closure: {})","_route":"_admin_report_generate"},"request_uri":"http://localhost:11004/admin/report/generate","method":"GET"} []
[2017-08-18 11:55:55] broker.INFO: Matched route "{route}". {"route":"_admin_report_generate","route_parameters":{"_controller":"[object] (Closure: {})","_route":"_admin_report_generate"},"request_uri":"http://localhost:11004/admin/report/generate","method":"GET"} []
[2017-08-18 11:56:54] broker.INFO: Matched route "{route}". {"route":"_admin_report_generate","route_parameters":{"_controller":"[object] (Closure: {})","_route":"_admin_report_generate"},"request_uri":"http://localhost:11004/admin/report/generate","method":"GET"} []
[2017-08-18 11:56:55] broker.INFO: Matched route "{route}". {"route":"_admin_report_generate","route_parameters":{"_controller":"[object] (Closure: {})","_route":"_admin_report_generate"},"request_uri":"http://localhost:11004/admin/report/generate","method":"GET"} []
[2017-08-18 11:56:55] broker.INFO: Matched route "{route}". {"route":"_admin_report_generate","route_parameters":{"_controller":"[object] (Closure: {})","_route":"_admin_report_generate"},"request_uri":"http://localhost:11004/admin/report/generate","method":"GET"} []
[2017-08-18 11:57:04] broker.INFO: Matched route "{route}". {"route":"_admin_report_generate","route_parameters":{"_controller":"[object] (Closure: {})","_route":"_admin_report_generate"},"request_uri":"http://localhost:11004/admin/report/generate","method":"GET"} []
[2017-08-18 11:58:04] broker.INFO: Matched route "{route}". {"route":"_admin_report_generate","route_parameters":{"_controller":"[object] (Closure: {})","_route":"_admin_report_generate"},"request_uri":"http://localhost:11004/admin/report/generate","method":"GET"} []
[2017-08-18 12:24:31] broker.INFO: Matched route "{route}". {"route":"_admin_report_generate","route_parameters":{"_controller":"[object] (Closure: {})","_route":"_admin_report_generate"},"request_uri":"http://localhost:11004/admin/report/generate","method":"GET"} []
[2017-08-18 12:24:31] broker.NOTICE: E_NOTICE: Undefined offset: 4 {"code":8,"message":"Undefined offset: 4","file":"/srv/app/src/Controller/ReportUiController.php","line":158} []
[2017-08-18 12:24:31] broker.CRITICAL: LogicException: The controller must return a response (null given). Did you forget to add a return statement somewhere in your controller? (uncaught exception) at /srv/app/vendor/symfony/http-kernel/HttpKernel.php line 171 {"exception":"[object] (LogicException(code: 0): The controller must return a response (null given). Did you forget to add a return statement somewhere in your controller? at /srv/app/vendor/symfony/http-kernel/HttpKernel.php:171)"} []
[2017-08-18 12:24:31] broker.ERROR: The controller must return a response (null given). Did you forget to add a return statement somewhere in your controller? [] []
[2017-08-18 12:31:31] broker.INFO: Matched route "{route}". {"route":"_admin_report_generate","route_parameters":{"_controller":"[object] (Closure: {})","_route":"_admin_report_generate"},"request_uri":"http://localhost:11004/admin/report/generate","method":"GET"} []
[2017-08-18 12:31:31] broker.NOTICE: E_NOTICE: Undefined offset: 4 {"code":8,"message":"Undefined offset: 4","file":"/srv/app/src/Controller/ReportUiController.php","line":158} []
[2017-08-18 12:31:31] broker.CRITICAL: LogicException: The controller must return a response (Array() given). (uncaught exception) at /srv/app/vendor/symfony/http-kernel/HttpKernel.php line 171 {"exception":"[object] (LogicException(code: 0): The controller must return a response (Array() given). at /srv/app/vendor/symfony/http-kernel/HttpKernel.php:171)"} []
[2017-08-18 12:31:31] broker.ERROR: The controller must return a response (Array() given). [] []
[2017-08-18 12:31:41] broker.INFO: Matched route "{route}". {"route":"_admin_report_generate","route_parameters":{"_controller":"[object] (Closure: {})","_route":"_admin_report_generate"},"request_uri":"http://localhost:11004/admin/report/generate","method":"GET"} []
[2017-08-18 12:31:41] broker.NOTICE: E_NOTICE: Undefined offset: 4 {"code":8,"message":"Undefined offset: 4","file":"/srv/app/src/Controller/ReportUiController.php","line":158} []
[2017-08-18 12:31:59] broker.INFO: Matched route "{route}". {"route":"_admin_report_generate","route_parameters":{"_controller":"[object] (Closure: {})","_route":"_admin_report_generate"},"request_uri":"http://localhost:11004/admin/report/generate","method":"GET"} []
[2017-08-18 12:31:59] broker.NOTICE: E_NOTICE: Undefined offset: 4 {"code":8,"message":"Undefined offset: 4","file":"/srv/app/src/Controller/ReportUiController.php","line":158} []
[2017-08-18 12:32:07] broker.INFO: Matched route "{route}". {"route":"_admin_report_generate","route_parameters":{"_controller":"[object] (Closure: {})","_route":"_admin_report_generate"},"request_uri":"http://localhost:11004/admin/report/generate","method":"GET"} []
[2017-08-18 12:32:07] broker.NOTICE: E_NOTICE: Undefined offset: 4 {"code":8,"message":"Undefined offset: 4","file":"/srv/app/src/Controller/ReportUiController.php","line":158} []
[2017-08-18 12:32:36] broker.INFO: Matched route "{route}". {"route":"_admin_report_generate","route_parameters":{"_controller":"[object] (Closure: {})","_route":"_admin_report_generate"},"request_uri":"http://localhost:11004/admin/report/generate","method":"GET"} []
[2017-08-18 12:32:36] broker.ERROR: Uncaught Exception Error: "Unsupported operand types" at /srv/app/src/Controller/ReportUiController.php line 158 {"exception":"[object] (Error(code: 0): Unsupported operand types at /srv/app/src/Controller/ReportUiController.php:158)"} []
[2017-08-18 12:32:38] broker.INFO: Matched route "{route}". {"route":"_admin_report_generate","route_parameters":{"_controller":"[object] (Closure: {})","_route":"_admin_report_generate"},"request_uri":"http://localhost:11004/admin/report/generate","method":"GET"} []
[2017-08-18 12:32:38] broker.ERROR: Uncaught Exception Error: "Unsupported operand types" at /srv/app/src/Controller/ReportUiController.php line 158 {"exception":"[object] (Error(code: 0): Unsupported operand types at /srv/app/src/Controller/ReportUiController.php:158)"} []
[2017-08-18 12:32:46] broker.INFO: Matched route "{route}". {"route":"_admin_report_generate","route_parameters":{"_controller":"[object] (Closure: {})","_route":"_admin_report_generate"},"request_uri":"http://localhost:11004/admin/report/generate","method":"GET"} []
[2017-08-18 12:35:08] broker.INFO: Matched route "{route}". {"route":"_admin_report_generate","route_parameters":{"_controller":"[object] (Closure: {})","_route":"_admin_report_generate"},"request_uri":"http://localhost:11004/admin/report/generate","method":"GET"} []
[2017-08-18 12:35:08] broker.CRITICAL: LogicException: The controller must return a response (Array(0 => 1, 1 => 2, 2 => 3, 3 => 4, 4 => 5) given). (uncaught exception) at /srv/app/vendor/symfony/http-kernel/HttpKernel.php line 171 {"exception":"[object] (LogicException(code: 0): The controller must return a response (Array(0 => 1, 1 => 2, 2 => 3, 3 => 4, 4 => 5) given). at /srv/app/vendor/symfony/http-kernel/HttpKernel.php:171)"} []
[2017-08-18 12:35:08] broker.ERROR: The controller must return a response (Array(0 => 1, 1 => 2, 2 => 3, 3 => 4, 4 => 5) given). [] []
[2017-08-18 12:37:12] broker.INFO: Matched route "{route}". {"route":"_admin_report_generate","route_parameters":{"_controller":"[object] (Closure: {})","_route":"_admin_report_generate"},"request_uri":"http://localhost:11004/admin/report/generate","method":"GET"} []
[2017-08-18 12:37:12] broker.CRITICAL: LogicException: The controller must return a response (Array(0 => 1, 1 => 2, 2 => 3, 3 => 4, 4 => 5) given). (uncaught exception) at /srv/app/vendor/symfony/http-kernel/HttpKernel.php line 171 {"exception":"[object] (LogicException(code: 0): The controller must return a response (Array(0 => 1, 1 => 2, 2 => 3, 3 => 4, 4 => 5) given). at /srv/app/vendor/symfony/http-kernel/HttpKernel.php:171)"} []
[2017-08-18 12:37:12] broker.ERROR: The controller must return a response (Array(0 => 1, 1 => 2, 2 => 3, 3 => 4, 4 => 5) given). [] []
[2017-08-18 12:37:43] broker.INFO: Matched route "{route}". {"route":"_admin_report_generate","route_parameters":{"_controller":"[object] (Closure: {})","_route":"_admin_report_generate"},"request_uri":"http://localhost:11004/admin/report/generate","method":"GET"} []
[2017-08-18 12:37:43] broker.CRITICAL: LogicException: The controller must return a response (Array(0 => 2, 1 => 3, 2 => 4, 3 => 5, 4 => 6, 5 => 7, 6 => 8, 7 => 9) given). (uncaught exception) at /srv/app/vendor/symfony/http-kernel/HttpKernel.php line 171 {"exception":"[object] (LogicException(code: 0): The controller must return a response (Array(0 => 2, 1 => 3, 2 => 4, 3 => 5, 4 => 6, 5 => 7, 6 => 8, 7 => 9) given). at /srv/app/vendor/symfony/http-kernel/HttpKernel.php:171)"} []
[2017-08-18 12:37:43] broker.ERROR: The controller must return a response (Array(0 => 2, 1 => 3, 2 => 4, 3 => 5, 4 => 6, 5 => 7, 6 => 8, 7 => 9) given). [] []
[2017-08-18 14:47:11] broker.INFO: Matched route "{route}". {"route":"_admin_report_generate","route_parameters":{"_controller":"[object] (Closure: {})","_route":"_admin_report_generate"},"request_uri":"http://localhost:11004/admin/report/generate","method":"GET"} []
[2017-08-18 14:47:11] broker.CRITICAL: LogicException: The controller must return a response (Array(0 => 2, 1 => 3, 2 => 4, 3 => 5, 4 => 6, 5 => 7, 6 => 8, 7 => 9) given). (uncaught exception) at /srv/app/vendor/symfony/http-kernel/HttpKernel.php line 171 {"exception":"[object] (LogicException(code: 0): The controller must return a response (Array(0 => 2, 1 => 3, 2 => 4, 3 => 5, 4 => 6, 5 => 7, 6 => 8, 7 => 9) given). at /srv/app/vendor/symfony/http-kernel/HttpKernel.php:171)"} []
[2017-08-18 14:47:11] broker.ERROR: The controller must return a response (Array(0 => 2, 1 => 3, 2 => 4, 3 => 5, 4 => 6, 5 => 7, 6 => 8, 7 => 9) given). [] []
[2017-08-18 14:47:11] broker.ERROR: Symfony\Component\HttpKernel\Exception\NotFoundHttpException: No route found for "GET /favicon.ico" (from "http://localhost:11004/admin/report/generate") (uncaught exception) at /srv/app/vendor/symfony/http-kernel/EventListener/RouterListener.php line 125 {"exception":"[object] (Symfony\\Component\\HttpKernel\\Exception\\NotFoundHttpException(code: 0): No route found for \"GET /favicon.ico\" (from \"http://localhost:11004/admin/report/generate\") at /srv/app/vendor/symfony/http-kernel/EventListener/RouterListener.php:125, Symfony\\Component\\Routing\\Exception\\ResourceNotFoundException(code: 0): No routes found for \"/favicon.ico\". at /srv/app/vendor/symfony/routing/Matcher/UrlMatcher.php:98)"} []
[2017-08-18 14:47:11] broker.ERROR: No route found for "GET /favicon.ico" (from "http://localhost:11004/admin/report/generate") [] []
[2017-08-18 14:47:15] broker.INFO: Matched route "{route}". {"route":"_admin_report_generate","route_parameters":{"_controller":"[object] (Closure: {})","_route":"_admin_report_generate"},"request_uri":"http://localhost:11004/admin/report/generate","method":"GET"} []
[2017-08-18 14:47:15] broker.CRITICAL: LogicException: The controller must return a response (Array(0 => 2, 1 => 3, 2 => 4, 3 => 5, 4 => 6, 5 => 7, 6 => 8, 7 => 9) given). (uncaught exception) at /srv/app/vendor/symfony/http-kernel/HttpKernel.php line 171 {"exception":"[object] (LogicException(code: 0): The controller must return a response (Array(0 => 2, 1 => 3, 2 => 4, 3 => 5, 4 => 6, 5 => 7, 6 => 8, 7 => 9) given). at /srv/app/vendor/symfony/http-kernel/HttpKernel.php:171)"} []
[2017-08-18 14:47:15] broker.ERROR: The controller must return a response (Array(0 => 2, 1 => 3, 2 => 4, 3 => 5, 4 => 6, 5 => 7, 6 => 8, 7 => 9) given). [] []
[2017-08-18 14:47:54] broker.INFO: Matched route "{route}". {"route":"_admin_report_generate","route_parameters":{"_controller":"[object] (Closure: {})","_route":"_admin_report_generate"},"request_uri":"http://localhost:11004/admin/report/generate","method":"GET"} []
[2017-08-18 15:10:11] broker.INFO: Matched route "{route}". {"route":"_admin_report_generate","route_parameters":{"_controller":"[object] (Closure: {})","_route":"_admin_report_generate"},"request_uri":"http://localhost:11004/admin/report/generate","method":"GET"} []
[2017-08-18 15:10:47] broker.INFO: Matched route "{route}". {"route":"_admin_report_generate","route_parameters":{"_controller":"[object] (Closure: {})","_route":"_admin_report_generate"},"request_uri":"http://localhost:11004/admin/report/generate","method":"GET"} []
[2017-08-18 15:11:13] broker.INFO: Matched route "{route}". {"route":"_admin_report_generate","route_parameters":{"_controller":"[object] (Closure: {})","_route":"_admin_report_generate"},"request_uri":"http://localhost:11004/admin/report/generate","method":"GET"} []
[2017-08-18 15:15:35] broker.INFO: Matched route "{route}". {"route":"_admin_report_generate","route_parameters":{"_controller":"[object] (Closure: {})","_route":"_admin_report_generate"},"request_uri":"http://localhost:11004/admin/report/generate","method":"GET"} []
[2017-08-18 15:16:39] broker.INFO: Matched route "{route}". {"route":"_admin_report_generate","route_parameters":{"_controller":"[object] (Closure: {})","_route":"_admin_report_generate"},"request_uri":"http://localhost:11004/admin/report/generate","method":"GET"} []
[2017-08-18 15:20:19] broker.INFO: Matched route "{route}". {"route":"_admin_report_generate","route_parameters":{"_controller":"[object] (Closure: {})","_route":"_admin_report_generate"},"request_uri":"http://localhost:11004/admin/report/generate","method":"GET"} []
[2017-08-18 15:25:41] broker.INFO: Matched route "{route}". {"route":"_admin_report_generate","route_parameters":{"_controller":"[object] (Closure: {})","_route":"_admin_report_generate"},"request_uri":"http://localhost:11004/admin/report/generate","method":"GET"} []
[2017-08-18 15:26:12] broker.INFO: Matched route "{route}". {"route":"_admin_report_generate","route_parameters":{"_controller":"[object] (Closure: {})","_route":"_admin_report_generate"},"request_uri":"http://localhost:11004/admin/report/generate","method":"GET"} []
[2017-08-18 15:46:09] broker.INFO: Matched route "{route}". {"route":"_admin_report_generate","route_parameters":{"_controller":"[object] (Closure: {})","_route":"_admin_report_generate"},"request_uri":"http://localhost:11004/admin/report/generate","method":"GET"} []
[2017-08-18 15:46:11] broker.ERROR: Symfony\Component\HttpKernel\Exception\NotFoundHttpException: No route found for "GET /css/bootstrap-switch.min.css" (from "http://localhost:11004/admin/report/generate") (uncaught exception) at /srv/app/vendor/symfony/http-kernel/EventListener/RouterListener.php line 125 {"exception":"[object] (Symfony\\Component\\HttpKernel\\Exception\\NotFoundHttpException(code: 0): No route found for \"GET /css/bootstrap-switch.min.css\" (from \"http://localhost:11004/admin/report/generate\") at /srv/app/vendor/symfony/http-kernel/EventListener/RouterListener.php:125, Symfony\\Component\\Routing\\Exception\\ResourceNotFoundException(code: 0): No routes found for \"/css/bootstrap-switch.min.css\". at /srv/app/vendor/symfony/routing/Matcher/UrlMatcher.php:98)"} []
[2017-08-18 15:46:11] broker.ERROR: No route found for "GET /css/bootstrap-switch.min.css" (from "http://localhost:11004/admin/report/generate") [] []
[2017-08-18 15:46:34] broker.INFO: Matched route "{route}". {"route":"_admin_report_generate","route_parameters":{"_controller":"[object] (Closure: {})","_route":"_admin_report_generate"},"request_uri":"http://localhost:11004/admin/report/generate","method":"POST"} []
[2017-08-18 15:46:34] broker.ERROR: Symfony\Component\HttpKernel\Exception\NotFoundHttpException: No route found for "GET /css/bootstrap-switch.min.css" (from "http://localhost:11004/admin/report/generate") (uncaught exception) at /srv/app/vendor/symfony/http-kernel/EventListener/RouterListener.php line 125 {"exception":"[object] (Symfony\\Component\\HttpKernel\\Exception\\NotFoundHttpException(code: 0): No route found for \"GET /css/bootstrap-switch.min.css\" (from \"http://localhost:11004/admin/report/generate\") at /srv/app/vendor/symfony/http-kernel/EventListener/RouterListener.php:125, Symfony\\Component\\Routing\\Exception\\ResourceNotFoundException(code: 0): No routes found for \"/css/bootstrap-switch.min.css\". at /srv/app/vendor/symfony/routing/Matcher/UrlMatcher.php:98)"} []
[2017-08-18 15:46:34] broker.ERROR: No route found for "GET /css/bootstrap-switch.min.css" (from "http://localhost:11004/admin/report/generate") [] []
[2017-08-18 15:46:36] broker.INFO: Matched route "{route}". {"route":"_admin_report_details_id","route_parameters":{"_controller":"[object] (Closure: {})","id":"574daa379545e9af101c2731","_route":"_admin_report_details_id"},"request_uri":"http://localhost:11004/admin/report/details/574daa379545e9af101c2731","method":"GET"} []
[2017-08-18 15:46:36] broker.ERROR: Symfony\Component\HttpKernel\Exception\NotFoundHttpException: No route found for "GET /css/bootstrap-switch.min.css" (from "http://localhost:11004/admin/report/details/574daa379545e9af101c2731") (uncaught exception) at /srv/app/vendor/symfony/http-kernel/EventListener/RouterListener.php line 125 {"exception":"[object] (Symfony\\Component\\HttpKernel\\Exception\\NotFoundHttpException(code: 0): No route found for \"GET /css/bootstrap-switch.min.css\" (from \"http://localhost:11004/admin/report/details/574daa379545e9af101c2731\") at /srv/app/vendor/symfony/http-kernel/EventListener/RouterListener.php:125, Symfony\\Component\\Routing\\Exception\\ResourceNotFoundException(code: 0): No routes found for \"/css/bootstrap-switch.min.css\". at /srv/app/vendor/symfony/routing/Matcher/UrlMatcher.php:98)"} []
[2017-08-18 15:46:36] broker.ERROR: No route found for "GET /css/bootstrap-switch.min.css" (from "http://localhost:11004/admin/report/details/574daa379545e9af101c2731") [] []
[2017-08-18 15:46:38] broker.INFO: Matched route "{route}". {"route":"_admin_report_generate","route_parameters":{"_controller":"[object] (Closure: {})","_route":"_admin_report_generate"},"request_uri":"http://localhost:11004/admin/report/generate","method":"GET"} []
[2017-08-18 16:20:58] broker.ERROR: Symfony\Component\HttpKernel\Exception\NotFoundHttpException: No route found for "GET /api/vi/employees" (uncaught exception) at /srv/app/vendor/symfony/http-kernel/EventListener/RouterListener.php line 125 {"exception":"[object] (Symfony\\Component\\HttpKernel\\Exception\\NotFoundHttpException(code: 0): No route found for \"GET /api/vi/employees\" at /srv/app/vendor/symfony/http-kernel/EventListener/RouterListener.php:125, Symfony\\Component\\Routing\\Exception\\ResourceNotFoundException(code: 0): No routes found for \"/api/vi/employees\". at /srv/app/vendor/symfony/routing/Matcher/UrlMatcher.php:98)"} []
[2017-08-18 16:20:58] broker.ERROR: No route found for "GET /api/vi/employees" [] []
[2017-08-18 16:21:09] broker.INFO: Matched route "{route}". {"route":"GET_api_v1_employees","route_parameters":{"_controller":"api.webAdmin:generateXml","_route":"GET_api_v1_employees"},"request_uri":"http://localhost:11004/api/v1/employees","method":"GET"} []
[2017-08-18 16:21:09] broker.CRITICAL: InvalidArgumentException: Identifier "api.webAdmin" is not defined. (uncaught exception) at /srv/app/vendor/pimple/pimple/src/Pimple/Container.php line 96 {"exception":"[object] (InvalidArgumentException(code: 0): Identifier \"api.webAdmin\" is not defined. at /srv/app/vendor/pimple/pimple/src/Pimple/Container.php:96)"} []
[2017-08-18 16:21:09] broker.ERROR: Identifier "api.webAdmin" is not defined. [] []
[2017-08-18 16:23:03] broker.INFO: Matched route "{route}". {"route":"GET_api_v1_employees","route_parameters":{"_controller":"api.controller:generateXml","_route":"GET_api_v1_employees"},"request_uri":"http://localhost:11004/api/v1/employees","method":"GET"} []
[2017-08-18 16:23:03] broker.ERROR: Uncaught Exception Error: "Class 'ServiceXML' not found" at /srv/app/src/app.php line 116 {"exception":"[object] (Error(code: 0): Class 'ServiceXML' not found at /srv/app/src/app.php:116)"} []
[2017-08-18 16:23:08] broker.INFO: Matched route "{route}". {"route":"GET_api_v1_employees","route_parameters":{"_controller":"api.controller:generateXml","_route":"GET_api_v1_employees"},"request_uri":"http://localhost:11004/api/v1/employees","method":"GET"} []
[2017-08-18 16:23:08] broker.ERROR: Uncaught Exception Error: "Class 'ServiceXML' not found" at /srv/app/src/app.php line 116 {"exception":"[object] (Error(code: 0): Class 'ServiceXML' not found at /srv/app/src/app.php:116)"} []
[2017-08-18 16:29:34] broker.INFO: Matched route "{route}". {"route":"GET_api_v1_employees","route_parameters":{"_controller":"api.controller:generateXml","_route":"GET_api_v1_employees"},"request_uri":"http://localhost:11004/api/v1/employees","method":"GET"} []
[2017-08-18 16:29:46] broker.INFO: Matched route "{route}". {"route":"_admin_report_generate","route_parameters":{"_controller":"[object] (Closure: {})","_route":"_admin_report_generate"},"request_uri":"http://localhost:11004/admin/report/generate","method":"GET"} []
[2017-08-18 16:29:46] broker.ERROR: Symfony\Component\HttpKernel\Exception\NotFoundHttpException: No route found for "GET /css/bootstrap-switch.min.css" (from "http://localhost:11004/admin/report/generate") (uncaught exception) at /srv/app/vendor/symfony/http-kernel/EventListener/RouterListener.php line 125 {"exception":"[object] (Symfony\\Component\\HttpKernel\\Exception\\NotFoundHttpException(code: 0): No route found for \"GET /css/bootstrap-switch.min.css\" (from \"http://localhost:11004/admin/report/generate\") at /srv/app/vendor/symfony/http-kernel/EventListener/RouterListener.php:125, Symfony\\Component\\Routing\\Exception\\ResourceNotFoundException(code: 0): No routes found for \"/css/bootstrap-switch.min.css\". at /srv/app/vendor/symfony/routing/Matcher/UrlMatcher.php:98)"} []
[2017-08-18 16:29:46] broker.ERROR: No route found for "GET /css/bootstrap-switch.min.css" (from "http://localhost:11004/admin/report/generate") [] []
[2017-08-18 16:29:49] broker.INFO: Matched route "{route}". {"route":"_admin_report_details_id","route_parameters":{"_controller":"[object] (Closure: {})","id":"574daa379545e9af101c2731","_route":"_admin_report_details_id"},"request_uri":"http://localhost:11004/admin/report/details/574daa379545e9af101c2731","method":"GET"} []
[2017-08-18 16:29:49] broker.ERROR: Symfony\Component\HttpKernel\Exception\NotFoundHttpException: No route found for "GET /css/bootstrap-switch.min.css" (from "http://localhost:11004/admin/report/details/574daa379545e9af101c2731") (uncaught exception) at /srv/app/vendor/symfony/http-kernel/EventListener/RouterListener.php line 125 {"exception":"[object] (Symfony\\Component\\HttpKernel\\Exception\\NotFoundHttpException(code: 0): No route found for \"GET /css/bootstrap-switch.min.css\" (from \"http://localhost:11004/admin/report/details/574daa379545e9af101c2731\") at /srv/app/vendor/symfony/http-kernel/EventListener/RouterListener.php:125, Symfony\\Component\\Routing\\Exception\\ResourceNotFoundException(code: 0): No routes found for \"/css/bootstrap-switch.min.css\". at /srv/app/vendor/symfony/routing/Matcher/UrlMatcher.php:98)"} []
[2017-08-18 16:29:49] broker.ERROR: No route found for "GET /css/bootstrap-switch.min.css" (from "http://localhost:11004/admin/report/details/574daa379545e9af101c2731") [] []
[2017-08-18 16:36:45] broker.INFO: Matched route "{route}". {"route":"GET_api_v1_employees","route_parameters":{"_controller":"api.controller:generateXml","_route":"GET_api_v1_employees"},"request_uri":"http://localhost:11004/api/v1/employees","method":"GET"} []
[2017-08-18 16:36:45] broker.WARNING: E_WARNING: array_walk_recursive() expects parameter 1 to be array, null given {"code":2,"message":"array_walk_recursive() expects parameter 1 to be array, null given","file":"/srv/app/src/Controller/ServiceXmlController.php","line":40} []
[2017-08-18 16:36:47] broker.INFO: Matched route "{route}". {"route":"GET_api_v1_employees","route_parameters":{"_controller":"api.controller:generateXml","_route":"GET_api_v1_employees"},"request_uri":"http://localhost:11004/api/v1/employees","method":"GET"} []
[2017-08-18 16:36:47] broker.WARNING: E_WARNING: array_walk_recursive() expects parameter 1 to be array, null given {"code":2,"message":"array_walk_recursive() expects parameter 1 to be array, null given","file":"/srv/app/src/Controller/ServiceXmlController.php","line":40} []
[2017-08-18 16:36:54] broker.INFO: Matched route "{route}". {"route":"GET_api_v1_employees","route_parameters":{"_controller":"api.controller:generateXml","_route":"GET_api_v1_employees"},"request_uri":"http://localhost:11004/api/v1/employees","method":"GET"} []
[2017-08-18 16:36:54] broker.WARNING: E_WARNING: array_walk_recursive() expects parameter 1 to be array, null given {"code":2,"message":"array_walk_recursive() expects parameter 1 to be array, null given","file":"/srv/app/src/Controller/ServiceXmlController.php","line":40} []
[2017-08-18 16:37:24] broker.INFO: Matched route "{route}". {"route":"GET_api_v1_employees","route_parameters":{"_controller":"api.controller:generateXml","_route":"GET_api_v1_employees"},"request_uri":"http://localhost:11004/api/v1/employees","method":"GET"} []
[2017-08-18 16:37:24] broker.WARNING: E_WARNING: SimpleXMLElement::addChild(): Element name is required {"code":2,"message":"SimpleXMLElement::addChild(): Element name is required","file":"/srv/app/src/Controller/ServiceXmlController.php","line":40} []
[2017-08-18 16:37:24] broker.WARNING: E_WARNING: SimpleXMLElement::addChild(): Element name is required {"code":2,"message":"SimpleXMLElement::addChild(): Element name is required","file":"/srv/app/src/Controller/ServiceXmlController.php","line":40} []
[2017-08-18 16:37:24] broker.WARNING: E_WARNING: SimpleXMLElement::addChild(): Element name is required {"code":2,"message":"SimpleXMLElement::addChild(): Element name is required","file":"/srv/app/src/Controller/ServiceXmlController.php","line":40} []
[2017-08-18 16:37:24] broker.WARNING: E_WARNING: SimpleXMLElement::addChild(): Element name is required {"code":2,"message":"SimpleXMLElement::addChild(): Element name is required","file":"/srv/app/src/Controller/ServiceXmlController.php","line":40} []
[2017-08-18 16:38:19] broker.INFO: Matched route "{route}". {"route":"GET_api_v1_employees","route_parameters":{"_controller":"api.controller:generateXml","_route":"GET_api_v1_employees"},"request_uri":"http://localhost:11004/api/v1/employees","method":"GET"} []
[2017-08-18 16:38:19] broker.WARNING: E_WARNING: SimpleXMLElement::addChild() expects parameter 1 to be string, object given {"code":2,"message":"SimpleXMLElement::addChild() expects parameter 1 to be string, object given","file":"/srv/app/src/Controller/ServiceXmlController.php","line":40} []
[2017-08-18 16:38:19] broker.WARNING: E_WARNING: SimpleXMLElement::addChild() expects parameter 1 to be string, object given {"code":2,"message":"SimpleXMLElement::addChild() expects parameter 1 to be string, object given","file":"/srv/app/src/Controller/ServiceXmlController.php","line":40} []
[2017-08-18 16:38:19] broker.WARNING: E_WARNING: SimpleXMLElement::addChild() expects parameter 1 to be string, object given {"code":2,"message":"SimpleXMLElement::addChild() expects parameter 1 to be string, object given","file":"/srv/app/src/Controller/ServiceXmlController.php","line":40} []
[2017-08-18 16:38:19] broker.WARNING: E_WARNING: SimpleXMLElement::addChild() expects parameter 1 to be string, object given {"code":2,"message":"SimpleXMLElement::addChild() expects parameter 1 to be string, object given","file":"/srv/app/src/Controller/ServiceXmlController.php","line":40} []
[2017-08-18 16:38:19] broker.WARNING: E_WARNING: SimpleXMLElement::addChild() expects parameter 1 to be string, object given {"code":2,"message":"SimpleXMLElement::addChild() expects parameter 1 to be string, object given","file":"/srv/app/src/Controller/ServiceXmlController.php","line":40} []
[2017-08-18 16:38:19] broker.WARNING: E_WARNING: SimpleXMLElement::addChild() expects parameter 1 to be string, object given {"code":2,"message":"SimpleXMLElement::addChild() expects parameter 1 to be string, object given","file":"/srv/app/src/Controller/ServiceXmlController.php","line":40} []
[2017-08-18 16:38:19] broker.WARNING: E_WARNING: SimpleXMLElement::addChild() expects parameter 1 to be string, object given {"code":2,"message":"SimpleXMLElement::addChild() expects parameter 1 to be string, object given","file":"/srv/app/src/Controller/ServiceXmlController.php","line":40} []
[2017-08-18 16:38:19] broker.WARNING: E_WARNING: SimpleXMLElement::addChild() expects parameter 1 to be string, object given {"code":2,"message":"SimpleXMLElement::addChild() expects parameter 1 to be string, object given","file":"/srv/app/src/Controller/ServiceXmlController.php","line":40} []
[2017-08-18 16:38:19] broker.WARNING: E_WARNING: SimpleXMLElement::addChild() expects parameter 1 to be string, object given {"code":2,"message":"SimpleXMLElement::addChild() expects parameter 1 to be string, object given","file":"/srv/app/src/Controller/ServiceXmlController.php","line":40} []
[2017-08-18 16:38:19] broker.WARNING: E_WARNING: SimpleXMLElement::addChild() expects parameter 1 to be string, object given {"code":2,"message":"SimpleXMLElement::addChild() expects parameter 1 to be string, object given","file":"/srv/app/src/Controller/ServiceXmlController.php","line":40} []
[2017-08-18 16:38:19] broker.WARNING: E_WARNING: SimpleXMLElement::addChild() expects parameter 1 to be string, object given {"code":2,"message":"SimpleXMLElement::addChild() expects parameter 1 to be string, object given","file":"/srv/app/src/Controller/ServiceXmlController.php","line":40} []
[2017-08-18 16:38:19] broker.WARNING: E_WARNING: SimpleXMLElement::addChild() expects parameter 1 to be string, object given {"code":2,"message":"SimpleXMLElement::addChild() expects parameter 1 to be string, object given","file":"/srv/app/src/Controller/ServiceXmlController.php","line":40} []
[2017-08-18 16:38:19] broker.WARNING: E_WARNING: SimpleXMLElement::addChild() expects parameter 1 to be string, object given {"code":2,"message":"SimpleXMLElement::addChild() expects parameter 1 to be string, object given","file":"/srv/app/src/Controller/ServiceXmlController.php","line":40} []
[2017-08-18 16:38:31] broker.INFO: Matched route "{route}". {"route":"_admin_report_generate","route_parameters":{"_controller":"[object] (Closure: {})","_route":"_admin_report_generate"},"request_uri":"http://localhost:11004/admin/report/generate","method":"GET"} []
[2017-08-18 16:38:31] broker.ERROR: Symfony\Component\HttpKernel\Exception\NotFoundHttpException: No route found for "GET /css/bootstrap-switch.min.css" (from "http://localhost:11004/admin/report/generate") (uncaught exception) at /srv/app/vendor/symfony/http-kernel/EventListener/RouterListener.php line 125 {"exception":"[object] (Symfony\\Component\\HttpKernel\\Exception\\NotFoundHttpException(code: 0): No route found for \"GET /css/bootstrap-switch.min.css\" (from \"http://localhost:11004/admin/report/generate\") at /srv/app/vendor/symfony/http-kernel/EventListener/RouterListener.php:125, Symfony\\Component\\Routing\\Exception\\ResourceNotFoundException(code: 0): No routes found for \"/css/bootstrap-switch.min.css\". at /srv/app/vendor/symfony/routing/Matcher/UrlMatcher.php:98)"} []
[2017-08-18 16:38:31] broker.ERROR: No route found for "GET /css/bootstrap-switch.min.css" (from "http://localhost:11004/admin/report/generate") [] []
[2017-08-18 16:38:33] broker.INFO: Matched route "{route}". {"route":"_admin_report_details_id","route_parameters":{"_controller":"[object] (Closure: {})","id":"574daa379545e9af101c2731","_route":"_admin_report_details_id"},"request_uri":"http://localhost:11004/admin/report/details/574daa379545e9af101c2731","method":"GET"} []
[2017-08-18 16:38:33] broker.ERROR: Symfony\Component\HttpKernel\Exception\NotFoundHttpException: No route found for "GET /css/bootstrap-switch.min.css" (from "http://localhost:11004/admin/report/details/574daa379545e9af101c2731") (uncaught exception) at /srv/app/vendor/symfony/http-kernel/EventListener/RouterListener.php line 125 {"exception":"[object] (Symfony\\Component\\HttpKernel\\Exception\\NotFoundHttpException(code: 0): No route found for \"GET /css/bootstrap-switch.min.css\" (from \"http://localhost:11004/admin/report/details/574daa379545e9af101c2731\") at /srv/app/vendor/symfony/http-kernel/EventListener/RouterListener.php:125, Symfony\\Component\\Routing\\Exception\\ResourceNotFoundException(code: 0): No routes found for \"/css/bootstrap-switch.min.css\". at /srv/app/vendor/symfony/routing/Matcher/UrlMatcher.php:98)"} []
[2017-08-18 16:38:33] broker.ERROR: No route found for "GET /css/bootstrap-switch.min.css" (from "http://localhost:11004/admin/report/details/574daa379545e9af101c2731") [] []
[2017-08-18 16:38:34] broker.INFO: Matched route "{route}". {"route":"_admin_report_details_id","route_parameters":{"_controller":"[object] (Closure: {})","id":"574daa379545e9af101c2731","_route":"_admin_report_details_id"},"request_uri":"http://localhost:11004/admin/report/details/574daa379545e9af101c2731","method":"GET"} []
[2017-08-18 16:38:34] broker.ERROR: Symfony\Component\HttpKernel\Exception\NotFoundHttpException: No route found for "GET /css/bootstrap-switch.min.css" (from "http://localhost:11004/admin/report/details/574daa379545e9af101c2731") (uncaught exception) at /srv/app/vendor/symfony/http-kernel/EventListener/RouterListener.php line 125 {"exception":"[object] (Symfony\\Component\\HttpKernel\\Exception\\NotFoundHttpException(code: 0): No route found for \"GET /css/bootstrap-switch.min.css\" (from \"http://localhost:11004/admin/report/details/574daa379545e9af101c2731\") at /srv/app/vendor/symfony/http-kernel/EventListener/RouterListener.php:125, Symfony\\Component\\Routing\\Exception\\ResourceNotFoundException(code: 0): No routes found for \"/css/bootstrap-switch.min.css\". at /srv/app/vendor/symfony/routing/Matcher/UrlMatcher.php:98)"} []
[2017-08-18 16:38:34] broker.ERROR: No route found for "GET /css/bootstrap-switch.min.css" (from "http://localhost:11004/admin/report/details/574daa379545e9af101c2731") [] []
[2017-08-18 16:38:41] broker.INFO: Matched route "{route}". {"route":"GET_api_v1_employees","route_parameters":{"_controller":"api.controller:generateXml","_route":"GET_api_v1_employees"},"request_uri":"http://localhost:11004/api/v1/employees","method":"GET"} []
[2017-08-18 16:38:41] broker.WARNING: E_WARNING: SimpleXMLElement::addChild(): Element name is required {"code":2,"message":"SimpleXMLElement::addChild(): Element name is required","file":"/srv/app/src/Controller/ServiceXmlController.php","line":40} []
[2017-08-18 16:38:41] broker.WARNING: E_WARNING: SimpleXMLElement::addChild(): Element name is required {"code":2,"message":"SimpleXMLElement::addChild(): Element name is required","file":"/srv/app/src/Controller/ServiceXmlController.php","line":40} []
[2017-08-18 16:38:41] broker.WARNING: E_WARNING: SimpleXMLElement::addChild(): Element name is required {"code":2,"message":"SimpleXMLElement::addChild(): Element name is required","file":"/srv/app/src/Controller/ServiceXmlController.php","line":40} []
[2017-08-18 16:38:41] broker.WARNING: E_WARNING: SimpleXMLElement::addChild(): Element name is required {"code":2,"message":"SimpleXMLElement::addChild(): Element name is required","file":"/srv/app/src/Controller/ServiceXmlController.php","line":40} []
[2017-08-18 16:39:15] broker.INFO: Matched route "{route}". {"route":"GET_api_v1_employees","route_parameters":{"_controller":"api.controller:generateXml","_route":"GET_api_v1_employees"},"request_uri":"http://localhost:11004/api/v1/employees","method":"GET"} []
[2017-08-18 16:39:33] broker.INFO: Matched route "{route}". {"route":"GET_api_v1_employees","route_parameters":{"_controller":"api.controller:generateXml","_route":"GET_api_v1_employees"},"request_uri":"http://localhost:11004/api/v1/employees","method":"GET"} []
[2017-08-18 16:40:27] broker.INFO: Matched route "{route}". {"route":"GET_api_v1_employees","route_parameters":{"_controller":"api.controller:generateXml","_route":"GET_api_v1_employees"},"request_uri":"http://localhost:11004/api/v1/employees","method":"GET"} []
[2017-08-18 16:40:27] broker.WARNING: E_WARNING: array_walk_recursive() expects parameter 1 to be array, null given {"code":2,"message":"array_walk_recursive() expects parameter 1 to be array, null given","file":"/srv/app/src/Controller/ServiceXmlController.php","line":41} []
[2017-08-18 16:40:55] broker.INFO: Matched route "{route}". {"route":"GET_api_v1_employees","route_parameters":{"_controller":"api.controller:generateXml","_route":"GET_api_v1_employees"},"request_uri":"http://localhost:11004/api/v1/employees","method":"GET"} []
[2017-08-18 16:40:55] broker.WARNING: E_WARNING: array_walk_recursive() expects parameter 1 to be array, null given {"code":2,"message":"array_walk_recursive() expects parameter 1 to be array, null given","file":"/srv/app/src/Controller/ServiceXmlController.php","line":41} []
[2017-08-18 16:41:03] broker.INFO: Matched route "{route}". {"route":"GET_api_v1_employees","route_parameters":{"_controller":"api.controller:generateXml","_route":"GET_api_v1_employees"},"request_uri":"http://localhost:11004/api/v1/employees","method":"GET"} []
[2017-08-18 16:43:37] broker.INFO: Matched route "{route}". {"route":"GET_api_v1_employees","route_parameters":{"_controller":"api.controller:generateXml","_route":"GET_api_v1_employees"},"request_uri":"http://localhost:11004/api/v1/employees","method":"GET"} []
[2017-08-18 16:43:37] broker.ERROR: Uncaught Exception Error: "Class 'App\Controller\DOMDocument' not found" at /srv/app/src/Controller/ServiceXmlController.php line 47 {"exception":"[object] (Error(code: 0): Class 'App\\Controller\\DOMDocument' not found at /srv/app/src/Controller/ServiceXmlController.php:47)"} []
[2017-08-18 16:44:19] broker.INFO: Matched route "{route}". {"route":"GET_api_v1_employees","route_parameters":{"_controller":"api.controller:generateXml","_route":"GET_api_v1_employees"},"request_uri":"http://localhost:11004/api/v1/employees","method":"GET"} []
[2017-08-18 16:44:19] broker.CRITICAL: DOMException: Invalid Character Error (uncaught exception) at /srv/app/src/Controller/ServiceXmlController.php line 56 {"exception":"[object] (DOMException(code: 5): Invalid Character Error at /srv/app/src/Controller/ServiceXmlController.php:56)"} []
[2017-08-18 16:44:19] broker.ERROR: Invalid Character Error [] []
[2017-08-18 16:51:04] broker.INFO: Matched route "{route}". {"route":"GET_api_v1_employees","route_parameters":{"_controller":"api.controller:generateXml","_route":"GET_api_v1_employees"},"request_uri":"http://localhost:11004/api/v1/employees","method":"GET"} []
[2017-08-18 16:51:59] broker.INFO: Matched route "{route}". {"route":"GET_api_v1_employees","route_parameters":{"_controller":"api.controller:generateXml","_route":"GET_api_v1_employees"},"request_uri":"http://localhost:11004/api/v1/employees","method":"GET"} []
[2017-08-18 16:52:12] broker.INFO: Matched route "{route}". {"route":"GET_api_v1_employees","route_parameters":{"_controller":"api.controller:generateXml","_route":"GET_api_v1_employees"},"request_uri":"http://localhost:11004/api/v1/employees","method":"GET"} []
